<?xml version="1.0" encoding="UTF-8"?>
<coverage generated="1620133511234" clover="3.2.0">
  <project timestamp="1620133511235" name="All files">
    <metrics statements="11" coveredstatements="11" conditionals="5" coveredconditionals="5" methods="1" coveredmethods="1" elements="17" coveredelements="17" complexity="0" loc="11" ncloc="11" packages="1" files="1" classes="1"/>
    <file name="matirxSum.js" path="G:\Masai\MasaiLocal\Unit-4\Week-17\05-04\Assignments\matrixSumTest\matirxSum.js">
      <metrics statements="11" coveredstatements="11" conditionals="5" coveredconditionals="5" methods="1" coveredmethods="1"/>
      <line num="1" count="1" type="cond" truecount="1" falsecount="0"/>
      <line num="2" count="8" type="stmt"/>
      <line num="3" count="8" type="cond" truecount="2" falsecount="0"/>
      <line num="4" count="1" type="stmt"/>
      <line num="7" count="7" type="stmt"/>
      <line num="8" count="12" type="stmt"/>
      <line num="9" count="28" type="cond" truecount="2" falsecount="0"/>
      <line num="10" count="1" type="stmt"/>
      <line num="12" count="27" type="stmt"/>
      <line num="16" count="7" type="stmt"/>
      <line num="19" count="1" type="stmt"/>
    </file>
  </project>
</coverage>
