{"G:\\Masai\\MasaiLocal\\Unit-4\\Week-17\\05-04\\Assignments\\matrixSumTest\\matirxSum.js": {"path":"G:\\Masai\\MasaiLocal\\Unit-4\\Week-17\\05-04\\Assignments\\matrixSumTest\\matirxSum.js","statementMap":{"0":{"start":{"line":1,"column":18},"end":{"line":17,"column":1}},"1":{"start":{"line":2,"column":14},"end":{"line":2,"column":15}},"2":{"start":{"line":3,"column":4},"end":{"line":15,"column":5}},"3":{"start":{"line":4,"column":8},"end":{"line":4,"column":16}},"4":{"start":{"line":7,"column":8},"end":{"line":14,"column":9}},"5":{"start":{"line":7,"column":20},"end":{"line":7,"column":21}},"6":{"start":{"line":8,"column":12},"end":{"line":13,"column":13}},"7":{"start":{"line":8,"column":24},"end":{"line":8,"column":25}},"8":{"start":{"line":9,"column":16},"end":{"line":11,"column":17}},"9":{"start":{"line":10,"column":20},"end":{"line":10,"column":63}},"10":{"start":{"line":12,"column":16},"end":{"line":12,"column":35}},"11":{"start":{"line":16,"column":4},"end":{"line":16,"column":15}},"12":{"start":{"line":19,"column":0},"end":{"line":19,"column":27}}},"fnMap":{"0":{"name":"(anonymous_0)","decl":{"start":{"line":1,"column":18},"end":{"line":1,"column":19}},"loc":{"start":{"line":1,"column":36},"end":{"line":17,"column":1}},"line":1}},"branchMap":{"0":{"loc":{"start":{"line":1,"column":19},"end":{"line":1,"column":33}},"type":"default-arg","locations":[{"start":{"line":1,"column":28},"end":{"line":1,"column":33}}],"line":1},"1":{"loc":{"start":{"line":3,"column":4},"end":{"line":15,"column":5}},"type":"if","locations":[{"start":{"line":3,"column":4},"end":{"line":15,"column":5}},{"start":{"line":3,"column":4},"end":{"line":15,"column":5}}],"line":3},"2":{"loc":{"start":{"line":9,"column":16},"end":{"line":11,"column":17}},"type":"if","locations":[{"start":{"line":9,"column":16},"end":{"line":11,"column":17}},{"start":{"line":9,"column":16},"end":{"line":11,"column":17}}],"line":9}},"s":{"0":1,"1":8,"2":8,"3":1,"4":7,"5":7,"6":12,"7":12,"8":28,"9":1,"10":27,"11":7,"12":1},"f":{"0":8},"b":{"0":[1],"1":[1,7],"2":[1,27]},"_coverageSchema":"1a1c01bbd47fc00a2c39e90264f33305004495a9","hash":"6e1df33446cbbde77b9b0f5f7b696feeca39f29e"}
}
